-------------------------------------------------------------------------------
Test set: facade.Epic3RegularTests
-------------------------------------------------------------------------------
Tests run: 14, Failures: 12, Errors: 2, Skipped: 0, Time elapsed: 0.111 s <<< FAILURE! - in facade.Epic3RegularTests
shouldGetItemsWithLeastReviews  Time elapsed: 0.01 s  <<< FAILURE!
org.opentest4j.AssertionFailedError: expected: <[ID3]> but was: <null>
	at facade.Epic3RegularTests.shouldGetItemsWithLeastReviews(Epic3RegularTests.java:195)

shouldGetItemsWithMostReviews  Time elapsed: 0 s  <<< FAILURE!
org.opentest4j.AssertionFailedError: expected: <[ID1, ID5]> but was: <null>
	at facade.Epic3RegularTests.shouldGetItemsWithMostReviews(Epic3RegularTests.java:160)

shouldGetItemsWithBestReviews  Time elapsed: 0 s  <<< FAILURE!
org.opentest4j.AssertionFailedError: expected: <[ID1]> but was: <null>
	at facade.Epic3RegularTests.shouldGetItemsWithBestReviews(Epic3RegularTests.java:297)

shouldPrintItemsWithLeastReviews  Time elapsed: 0.011 s  <<< FAILURE!
org.opentest4j.AssertionFailedError: 
expected: <Least reviews: 1 review(s) each.
ID3: High heels. 450.20 SEK
> but was: <>
	at facade.Epic3RegularTests.shouldPrintItemsWithLeastReviews(Epic3RegularTests.java:216)

shouldGetItemsWithWorseReviews  Time elapsed: 0 s  <<< FAILURE!
org.opentest4j.AssertionFailedError: expected: <[ID5]> but was: <null>
	at facade.Epic3RegularTests.shouldGetItemsWithWorseReviews(Epic3RegularTests.java:278)

shouldPrintItemsWithMostReviews  Time elapsed: 0.009 s  <<< FAILURE!
org.opentest4j.AssertionFailedError: 
expected: <Most reviews: 3 review(s) each.
ID1: Black T-shirt. 150.99 SEK
ID5: Leather jacket. 1200.00 SEK
> but was: <>
	at facade.Epic3RegularTests.shouldPrintItemsWithMostReviews(Epic3RegularTests.java:176)

shouldPrintItemsWithBestReviews  Time elapsed: 0.008 s  <<< FAILURE!
org.opentest4j.AssertionFailedError: 
expected: <Items with best mean reviews:
Grade: 4.3
ID1: Black T-shirt. 150.99 SEK
> but was: <>
	at facade.Epic3RegularTests.shouldPrintItemsWithBestReviews(Epic3RegularTests.java:237)

shouldPrintItemsWithWorseReviews  Time elapsed: 0.003 s  <<< FAILURE!
org.opentest4j.AssertionFailedError: 
expected: <Items with worst mean reviews:
Grade: 1.6
ID5: Leather jacket. 1200.00 SEK
> but was: <>
	at facade.Epic3RegularTests.shouldPrintItemsWithWorseReviews(Epic3RegularTests.java:258)

shouldGetCommentsFromItem  Time elapsed: 0.005 s  <<< ERROR!
java.lang.NullPointerException
	at facade.Epic3RegularTests.shouldGetCommentsFromItem(Epic3RegularTests.java:123)

shouldGetSpecificItemReviews  Time elapsed: 0.014 s  <<< FAILURE!
org.opentest4j.AssertionFailedError: expected: <Grade: 1.Not worth the price.> but was: <>
	at facade.Epic3RegularTests.shouldGetSpecificItemReviews(Epic3RegularTests.java:149)

shouldPrintAllReviews  Time elapsed: 0.021 s  <<< FAILURE!
org.opentest4j.AssertionFailedError: 
expected: <All registered reviews:
------------------------------------
Review(s) for ID1: Black T-shirt. 150.99 SEK
Grade: 4.Good material for the price.
Grade: 5.
Grade: 4.Great item but could be better.
------------------------------------
Review(s) for ID3: High heels. 450.20 SEK
Grade: 3.They are less comfortable than I thought.
------------------------------------
Review(s) for ID5: Leather jacket. 1200.00 SEK
Grade: 1.Not worth the price.
Grade: 2.The delivery took too long.
Grade: 2.
------------------------------------
> but was: <>
	at facade.Epic3RegularTests.shouldPrintAllReviews(Epic3RegularTests.java:108)

shouldSuccessfullyCreateReview  Time elapsed: 0.01 s  <<< ERROR!
java.lang.NullPointerException
	at facade.Epic3RegularTests.shouldSuccessfullyCreateReview(Epic3RegularTests.java:74)

shouldGetReviewScoresFromAllItems  Time elapsed: 0.009 s  <<< FAILURE!
org.opentest4j.AssertionFailedError: expected: <3> but was: <-1>
	at facade.Epic3RegularTests.shouldGetReviewScoresFromAllItems(Epic3RegularTests.java:87)

shouldPrintReviewsFromItem  Time elapsed: 0.011 s  <<< FAILURE!
org.opentest4j.AssertionFailedError: 
expected: <Review(s) for ID1: Black T-shirt. 150.99 SEK
Grade: 4.Good material for the price.
Grade: 5.
Grade: 4.Great item but could be better.
> but was: <>
	at facade.Epic3RegularTests.shouldPrintReviewsFromItem(Epic3RegularTests.java:140)

