<?xml version="1.0" encoding="UTF-8"?>
<testsuite xmlns:xsi="http://www.w3.org/2001/XMLSchema-instance" xsi:noNamespaceSchemaLocation="https://maven.apache.org/surefire/maven-surefire-plugin/xsd/surefire-test-report.xsd" name="facade.Epic4RegularTests" time="0.01" tests="8" errors="0" skipped="0" failures="8">
  <properties>
[...]
</properties>
  <testcase name="shouldGetSoldUnitsFromItem" classname="facade.Epic4RegularTests" time="0">
    <failure message="expected: &lt;19&gt; but was: &lt;-1&gt;" type="org.opentest4j.AssertionFailedError"><![CDATA[org.opentest4j.AssertionFailedError: expected: <19> but was: <-1>
	at facade.Epic4RegularTests.shouldGetSoldUnitsFromItem(Epic4RegularTests.java:95)
]]></failure>
    <system-out><![CDATA[Item ID1 was registered successfully.
Item ID2 was registered successfully.
Item ID3 was registered successfully.
Item ID4 was registered successfully.
Item ID5 was registered successfully.
]]></system-out>
  </testcase>
  <testcase name="shouldGetTotalTransactions" classname="facade.Epic4RegularTests" time="0">
    <failure message="expected: &lt;9&gt; but was: &lt;-1&gt;" type="org.opentest4j.AssertionFailedError"><![CDATA[org.opentest4j.AssertionFailedError: expected: <9> but was: <-1>
	at facade.Epic4RegularTests.shouldGetTotalTransactions(Epic4RegularTests.java:69)
]]></failure>
    <system-out><![CDATA[Item ID1 was registered successfully.
Item ID2 was registered successfully.
Item ID3 was registered successfully.
Item ID4 was registered successfully.
Item ID5 was registered successfully.
]]></system-out>
  </testcase>
  <testcase name="shouldPrintTransactionsFromItem" classname="facade.Epic4RegularTests" time="0.005">
    <failure message="expected: &lt;Transactions for item: ID1: Black T-shirt. 150.99 SEK&#10;ID1: 3 item(s). 452.97 SEK&#10;ID1: 5 item(s). 709.65 SEK&#10;ID1: 10 item(s). 1238.11 SEK&#10;ID1: 1 item(s). 150.99 SEK&#10;&gt; but was: &lt;&gt;" type="org.opentest4j.AssertionFailedError"><![CDATA[org.opentest4j.AssertionFailedError: 
expected: <Transactions for item: ID1: Black T-shirt. 150.99 SEK
ID1: 3 item(s). 452.97 SEK
ID1: 5 item(s). 709.65 SEK
ID1: 10 item(s). 1238.11 SEK
ID1: 1 item(s). 150.99 SEK
> but was: <>
	at facade.Epic4RegularTests.shouldPrintTransactionsFromItem(Epic4RegularTests.java:119)
]]></failure>
    <system-out><![CDATA[Item ID1 was registered successfully.
Item ID2 was registered successfully.
Item ID3 was registered successfully.
Item ID4 was registered successfully.
Item ID5 was registered successfully.
]]></system-out>
  </testcase>
  <testcase name="shouldGetTotalUnitsSold" classname="facade.Epic4RegularTests" time="0">
    <failure message="expected: &lt;27&gt; but was: &lt;-1&gt;" type="org.opentest4j.AssertionFailedError"><![CDATA[org.opentest4j.AssertionFailedError: expected: <27> but was: <-1>
	at facade.Epic4RegularTests.shouldGetTotalUnitsSold(Epic4RegularTests.java:62)
]]></failure>
    <system-out><![CDATA[Item ID1 was registered successfully.
Item ID2 was registered successfully.
Item ID3 was registered successfully.
Item ID4 was registered successfully.
Item ID5 was registered successfully.
]]></system-out>
  </testcase>
  <testcase name="shouldPrintMostProfitableItems" classname="facade.Epic4RegularTests" time="0">
    <failure message="expected: &lt;Most profitable items: &#10;Total profit: 3998.00 SEK&#10;ID2: Winter jacket. 999.50 SEK&#10;&gt; but was: &lt;&gt;" type="org.opentest4j.AssertionFailedError"><![CDATA[org.opentest4j.AssertionFailedError: 
expected: <Most profitable items: 
Total profit: 3998.00 SEK
ID2: Winter jacket. 999.50 SEK
> but was: <>
	at facade.Epic4RegularTests.shouldPrintMostProfitableItems(Epic4RegularTests.java:159)
]]></failure>
    <system-out><![CDATA[Item ID1 was registered successfully.
Item ID2 was registered successfully.
Item ID3 was registered successfully.
Item ID4 was registered successfully.
Item ID5 was registered successfully.
]]></system-out>
  </testcase>
  <testcase name="shouldPrintAllTransactions" classname="facade.Epic4RegularTests" time="0.003">
    <failure message="expected: &lt;All purchases made: &#10;Total profit: 9850.12 SEK&#10;Total items sold: 27 units&#10;Total purchases made: 9 transactions&#10;------------------------------------&#10;ID1: 3 item(s). 452.97 SEK&#10;ID1: 5 item(s). 709.65 SEK&#10;ID1: 10 item(s). 1238.11 SEK&#10;ID1: 1 item(s). 150.99 SEK&#10;ID2: 1 item(s). 999.50 SEK&#10;ID2: 3 item(s). 2998.50 SEK&#10;ID3: 1 item(s). 450.20 SEK&#10;ID3: 1 item(s). 450.20 SEK&#10;ID5: 2 item(s). 2400.00 SEK&#10;------------------------------------&#10;&gt; but was: &lt;&gt;" type="org.opentest4j.AssertionFailedError"><![CDATA[org.opentest4j.AssertionFailedError: 
expected: <All purchases made: 
Total profit: 9850.12 SEK
Total items sold: 27 units
Total purchases made: 9 transactions
------------------------------------
ID1: 3 item(s). 452.97 SEK
ID1: 5 item(s). 709.65 SEK
ID1: 10 item(s). 1238.11 SEK
ID1: 1 item(s). 150.99 SEK
ID2: 1 item(s). 999.50 SEK
ID2: 3 item(s). 2998.50 SEK
ID3: 1 item(s). 450.20 SEK
ID3: 1 item(s). 450.20 SEK
ID5: 2 item(s). 2400.00 SEK
------------------------------------
> but was: <>
	at facade.Epic4RegularTests.shouldPrintAllTransactions(Epic4RegularTests.java:148)
]]></failure>
    <system-out><![CDATA[Item ID1 was registered successfully.
Item ID2 was registered successfully.
Item ID3 was registered successfully.
Item ID4 was registered successfully.
Item ID5 was registered successfully.
]]></system-out>
  </testcase>
  <testcase name="shouldGetProfitFromAnItem" classname="facade.Epic4RegularTests" time="0.002">
    <failure message="expected: &lt;2551.71&gt; but was: &lt;-1.0&gt;" type="org.opentest4j.AssertionFailedError"><![CDATA[org.opentest4j.AssertionFailedError: expected: <2551.71> but was: <-1.0>
	at facade.Epic4RegularTests.shouldGetProfitFromAnItem(Epic4RegularTests.java:77)
]]></failure>
    <system-out><![CDATA[Item ID1 was registered successfully.
Item ID2 was registered successfully.
Item ID3 was registered successfully.
Item ID4 was registered successfully.
Item ID5 was registered successfully.
]]></system-out>
  </testcase>
  <testcase name="shouldGetTotalProfit" classname="facade.Epic4RegularTests" time="0">
    <failure message="expected: &lt;9850.11&gt; but was: &lt;-1.0&gt;" type="org.opentest4j.AssertionFailedError"><![CDATA[org.opentest4j.AssertionFailedError: expected: <9850.11> but was: <-1.0>
	at facade.Epic4RegularTests.shouldGetTotalProfit(Epic4RegularTests.java:55)
]]></failure>
    <system-out><![CDATA[Item ID1 was registered successfully.
Item ID2 was registered successfully.
Item ID3 was registered successfully.
Item ID4 was registered successfully.
Item ID5 was registered successfully.
]]></system-out>
  </testcase>
</testsuite>