<?xml version="1.0" encoding="UTF-8"?>
<testsuite xmlns:xsi="http://www.w3.org/2001/XMLSchema-instance" xsi:noNamespaceSchemaLocation="https://maven.apache.org/surefire/maven-surefire-plugin/xsd/surefire-test-report.xsd" name="facade.Epic3RegularTests" time="0.111" tests="14" errors="2" skipped="0" failures="12">
  <properties>
[...]
</properties>
  <testcase name="shouldGetItemsWithLeastReviews" classname="facade.Epic3RegularTests" time="0.01">
    <failure message="expected: &lt;[ID3]&gt; but was: &lt;null&gt;" type="org.opentest4j.AssertionFailedError"><![CDATA[org.opentest4j.AssertionFailedError: expected: <[ID3]> but was: <null>
	at facade.Epic3RegularTests.shouldGetItemsWithLeastReviews(Epic3RegularTests.java:195)
]]></failure>
    <system-out><![CDATA[Item ID1 was registered successfully.
Item ID2 was registered successfully.
Item ID3 was registered successfully.
Item ID4 was registered successfully.
Item ID5 was registered successfully.
Your item review was registered successfully.
Your item review was registered successfully.
Your item review was registered successfully.
Your item review was registered successfully.
Your item review was registered successfully.
Your item review was registered successfully.
Your item review was registered successfully.
]]></system-out>
  </testcase>
  <testcase name="shouldGetItemsWithMostReviews" classname="facade.Epic3RegularTests" time="0">
    <failure message="expected: &lt;[ID1, ID5]&gt; but was: &lt;null&gt;" type="org.opentest4j.AssertionFailedError"><![CDATA[org.opentest4j.AssertionFailedError: expected: <[ID1, ID5]> but was: <null>
	at facade.Epic3RegularTests.shouldGetItemsWithMostReviews(Epic3RegularTests.java:160)
]]></failure>
    <system-out><![CDATA[Item ID1 was registered successfully.
Item ID2 was registered successfully.
Item ID3 was registered successfully.
Item ID4 was registered successfully.
Item ID5 was registered successfully.
Your item review was registered successfully.
Your item review was registered successfully.
Your item review was registered successfully.
Your item review was registered successfully.
Your item review was registered successfully.
Your item review was registered successfully.
Your item review was registered successfully.
]]></system-out>
  </testcase>
  <testcase name="shouldGetItemsWithBestReviews" classname="facade.Epic3RegularTests" time="0">
    <failure message="expected: &lt;[ID1]&gt; but was: &lt;null&gt;" type="org.opentest4j.AssertionFailedError"><![CDATA[org.opentest4j.AssertionFailedError: expected: <[ID1]> but was: <null>
	at facade.Epic3RegularTests.shouldGetItemsWithBestReviews(Epic3RegularTests.java:297)
]]></failure>
    <system-out><![CDATA[Item ID1 was registered successfully.
Item ID2 was registered successfully.
Item ID3 was registered successfully.
Item ID4 was registered successfully.
Item ID5 was registered successfully.
Your item review was registered successfully.
Your item review was registered successfully.
Your item review was registered successfully.
Your item review was registered successfully.
Your item review was registered successfully.
Your item review was registered successfully.
Your item review was registered successfully.
]]></system-out>
  </testcase>
  <testcase name="shouldPrintItemsWithLeastReviews" classname="facade.Epic3RegularTests" time="0.011">
    <failure message="expected: &lt;Least reviews: 1 review(s) each.&#10;ID3: High heels. 450.20 SEK&#10;&gt; but was: &lt;&gt;" type="org.opentest4j.AssertionFailedError"><![CDATA[org.opentest4j.AssertionFailedError: 
expected: <Least reviews: 1 review(s) each.
ID3: High heels. 450.20 SEK
> but was: <>
	at facade.Epic3RegularTests.shouldPrintItemsWithLeastReviews(Epic3RegularTests.java:216)
]]></failure>
    <system-out><![CDATA[Item ID1 was registered successfully.
Item ID2 was registered successfully.
Item ID3 was registered successfully.
Item ID4 was registered successfully.
Item ID5 was registered successfully.
Your item review was registered successfully.
Your item review was registered successfully.
Your item review was registered successfully.
Your item review was registered successfully.
Your item review was registered successfully.
Your item review was registered successfully.
Your item review was registered successfully.
]]></system-out>
  </testcase>
  <testcase name="shouldGetItemsWithWorseReviews" classname="facade.Epic3RegularTests" time="0">
    <failure message="expected: &lt;[ID5]&gt; but was: &lt;null&gt;" type="org.opentest4j.AssertionFailedError"><![CDATA[org.opentest4j.AssertionFailedError: expected: <[ID5]> but was: <null>
	at facade.Epic3RegularTests.shouldGetItemsWithWorseReviews(Epic3RegularTests.java:278)
]]></failure>
    <system-out><![CDATA[Item ID1 was registered successfully.
Item ID2 was registered successfully.
Item ID3 was registered successfully.
Item ID4 was registered successfully.
Item ID5 was registered successfully.
Your item review was registered successfully.
Your item review was registered successfully.
Your item review was registered successfully.
Your item review was registered successfully.
Your item review was registered successfully.
Your item review was registered successfully.
Your item review was registered successfully.
]]></system-out>
  </testcase>
  <testcase name="shouldPrintItemsWithMostReviews" classname="facade.Epic3RegularTests" time="0.009">
    <failure message="expected: &lt;Most reviews: 3 review(s) each.&#10;ID1: Black T-shirt. 150.99 SEK&#10;ID5: Leather jacket. 1200.00 SEK&#10;&gt; but was: &lt;&gt;" type="org.opentest4j.AssertionFailedError"><![CDATA[org.opentest4j.AssertionFailedError: 
expected: <Most reviews: 3 review(s) each.
ID1: Black T-shirt. 150.99 SEK
ID5: Leather jacket. 1200.00 SEK
> but was: <>
	at facade.Epic3RegularTests.shouldPrintItemsWithMostReviews(Epic3RegularTests.java:176)
]]></failure>
    <system-out><![CDATA[Item ID1 was registered successfully.
Item ID2 was registered successfully.
Item ID3 was registered successfully.
Item ID4 was registered successfully.
Item ID5 was registered successfully.
Your item review was registered successfully.
Your item review was registered successfully.
Your item review was registered successfully.
Your item review was registered successfully.
Your item review was registered successfully.
Your item review was registered successfully.
Your item review was registered successfully.
]]></system-out>
  </testcase>
  <testcase name="shouldPrintItemsWithBestReviews" classname="facade.Epic3RegularTests" time="0.008">
    <failure message="expected: &lt;Items with best mean reviews:&#10;Grade: 4.3&#10;ID1: Black T-shirt. 150.99 SEK&#10;&gt; but was: &lt;&gt;" type="org.opentest4j.AssertionFailedError"><![CDATA[org.opentest4j.AssertionFailedError: 
expected: <Items with best mean reviews:
Grade: 4.3
ID1: Black T-shirt. 150.99 SEK
> but was: <>
	at facade.Epic3RegularTests.shouldPrintItemsWithBestReviews(Epic3RegularTests.java:237)
]]></failure>
    <system-out><![CDATA[Item ID1 was registered successfully.
Item ID2 was registered successfully.
Item ID3 was registered successfully.
Item ID4 was registered successfully.
Item ID5 was registered successfully.
Your item review was registered successfully.
Your item review was registered successfully.
Your item review was registered successfully.
Your item review was registered successfully.
Your item review was registered successfully.
Your item review was registered successfully.
Your item review was registered successfully.
]]></system-out>
  </testcase>
  <testcase name="shouldPrintItemsWithWorseReviews" classname="facade.Epic3RegularTests" time="0.003">
    <failure message="expected: &lt;Items with worst mean reviews:&#10;Grade: 1.6&#10;ID5: Leather jacket. 1200.00 SEK&#10;&gt; but was: &lt;&gt;" type="org.opentest4j.AssertionFailedError"><![CDATA[org.opentest4j.AssertionFailedError: 
expected: <Items with worst mean reviews:
Grade: 1.6
ID5: Leather jacket. 1200.00 SEK
> but was: <>
	at facade.Epic3RegularTests.shouldPrintItemsWithWorseReviews(Epic3RegularTests.java:258)
]]></failure>
    <system-out><![CDATA[Item ID1 was registered successfully.
Item ID2 was registered successfully.
Item ID3 was registered successfully.
Item ID4 was registered successfully.
Item ID5 was registered successfully.
Your item review was registered successfully.
Your item review was registered successfully.
Your item review was registered successfully.
Your item review was registered successfully.
Your item review was registered successfully.
Your item review was registered successfully.
Your item review was registered successfully.
]]></system-out>
  </testcase>
  <testcase name="shouldGetCommentsFromItem" classname="facade.Epic3RegularTests" time="0.005">
    <error type="java.lang.NullPointerException">java.lang.NullPointerException
	at facade.Epic3RegularTests.shouldGetCommentsFromItem(Epic3RegularTests.java:123)
</error>
    <system-out><![CDATA[Item ID1 was registered successfully.
Item ID2 was registered successfully.
Item ID3 was registered successfully.
Item ID4 was registered successfully.
Item ID5 was registered successfully.
Your item review was registered successfully.
Your item review was registered successfully.
Your item review was registered successfully.
Your item review was registered successfully.
Your item review was registered successfully.
Your item review was registered successfully.
Your item review was registered successfully.
]]></system-out>
  </testcase>
  <testcase name="shouldGetSpecificItemReviews" classname="facade.Epic3RegularTests" time="0.014">
    <failure message="expected: &lt;Grade: 1.Not worth the price.&gt; but was: &lt;&gt;" type="org.opentest4j.AssertionFailedError"><![CDATA[org.opentest4j.AssertionFailedError: expected: <Grade: 1.Not worth the price.> but was: <>
	at facade.Epic3RegularTests.shouldGetSpecificItemReviews(Epic3RegularTests.java:149)
]]></failure>
    <system-out><![CDATA[Item ID1 was registered successfully.
Item ID2 was registered successfully.
Item ID3 was registered successfully.
Item ID4 was registered successfully.
Item ID5 was registered successfully.
Your item review was registered successfully.
Your item review was registered successfully.
Your item review was registered successfully.
Your item review was registered successfully.
Your item review was registered successfully.
Your item review was registered successfully.
Your item review was registered successfully.
]]></system-out>
  </testcase>
  <testcase name="shouldPrintAllReviews" classname="facade.Epic3RegularTests" time="0.021">
    <failure message="expected: &lt;All registered reviews:&#10;------------------------------------&#10;Review(s) for ID1: Black T-shirt. 150.99 SEK&#10;Grade: 4.Good material for the price.&#10;Grade: 5.&#10;Grade: 4.Great item but could be better.&#10;------------------------------------&#10;Review(s) for ID3: High heels. 450.20 SEK&#10;Grade: 3.They are less comfortable than I thought.&#10;------------------------------------&#10;Review(s) for ID5: Leather jacket. 1200.00 SEK&#10;Grade: 1.Not worth the price.&#10;Grade: 2.The delivery took too long.&#10;Grade: 2.&#10;------------------------------------&#10;&gt; but was: &lt;&gt;" type="org.opentest4j.AssertionFailedError"><![CDATA[org.opentest4j.AssertionFailedError: 
expected: <All registered reviews:
------------------------------------
Review(s) for ID1: Black T-shirt. 150.99 SEK
Grade: 4.Good material for the price.
Grade: 5.
Grade: 4.Great item but could be better.
------------------------------------
Review(s) for ID3: High heels. 450.20 SEK
Grade: 3.They are less comfortable than I thought.
------------------------------------
Review(s) for ID5: Leather jacket. 1200.00 SEK
Grade: 1.Not worth the price.
Grade: 2.The delivery took too long.
Grade: 2.
------------------------------------
> but was: <>
	at facade.Epic3RegularTests.shouldPrintAllReviews(Epic3RegularTests.java:108)
]]></failure>
    <system-out><![CDATA[Item ID1 was registered successfully.
Item ID2 was registered successfully.
Item ID3 was registered successfully.
Item ID4 was registered successfully.
Item ID5 was registered successfully.
Your item review was registered successfully.
Your item review was registered successfully.
Your item review was registered successfully.
Your item review was registered successfully.
Your item review was registered successfully.
Your item review was registered successfully.
Your item review was registered successfully.
]]></system-out>
  </testcase>
  <testcase name="shouldSuccessfullyCreateReview" classname="facade.Epic3RegularTests" time="0.01">
    <error type="java.lang.NullPointerException">java.lang.NullPointerException
	at facade.Epic3RegularTests.shouldSuccessfullyCreateReview(Epic3RegularTests.java:74)
</error>
    <system-out><![CDATA[Item ID1 was registered successfully.
Item ID2 was registered successfully.
Item ID3 was registered successfully.
Item ID4 was registered successfully.
Item ID5 was registered successfully.
Your item review was registered successfully.
Your item review was registered successfully.
Your item review was registered successfully.
Your item review was registered successfully.
Your item review was registered successfully.
Your item review was registered successfully.
Your item review was registered successfully.
Your item review was registered successfully.
Your item review was registered successfully.
Your item review was registered successfully.
]]></system-out>
  </testcase>
  <testcase name="shouldGetReviewScoresFromAllItems" classname="facade.Epic3RegularTests" time="0.009">
    <failure message="expected: &lt;3&gt; but was: &lt;-1&gt;" type="org.opentest4j.AssertionFailedError"><![CDATA[org.opentest4j.AssertionFailedError: expected: <3> but was: <-1>
	at facade.Epic3RegularTests.shouldGetReviewScoresFromAllItems(Epic3RegularTests.java:87)
]]></failure>
    <system-out><![CDATA[Item ID1 was registered successfully.
Item ID2 was registered successfully.
Item ID3 was registered successfully.
Item ID4 was registered successfully.
Item ID5 was registered successfully.
Your item review was registered successfully.
Your item review was registered successfully.
Your item review was registered successfully.
Your item review was registered successfully.
Your item review was registered successfully.
Your item review was registered successfully.
Your item review was registered successfully.
]]></system-out>
  </testcase>
  <testcase name="shouldPrintReviewsFromItem" classname="facade.Epic3RegularTests" time="0.011">
    <failure message="expected: &lt;Review(s) for ID1: Black T-shirt. 150.99 SEK&#10;Grade: 4.Good material for the price.&#10;Grade: 5.&#10;Grade: 4.Great item but could be better.&#10;&gt; but was: &lt;&gt;" type="org.opentest4j.AssertionFailedError"><![CDATA[org.opentest4j.AssertionFailedError: 
expected: <Review(s) for ID1: Black T-shirt. 150.99 SEK
Grade: 4.Good material for the price.
Grade: 5.
Grade: 4.Great item but could be better.
> but was: <>
	at facade.Epic3RegularTests.shouldPrintReviewsFromItem(Epic3RegularTests.java:140)
]]></failure>
    <system-out><![CDATA[Item ID1 was registered successfully.
Item ID2 was registered successfully.
Item ID3 was registered successfully.
Item ID4 was registered successfully.
Item ID5 was registered successfully.
Your item review was registered successfully.
Your item review was registered successfully.
Your item review was registered successfully.
Your item review was registered successfully.
Your item review was registered successfully.
Your item review was registered successfully.
Your item review was registered successfully.
]]></system-out>
  </testcase>
</testsuite>