<?xml version="1.0" encoding="UTF-8"?>
<testsuite xmlns:xsi="http://www.w3.org/2001/XMLSchema-instance" xsi:noNamespaceSchemaLocation="https://maven.apache.org/surefire/maven-surefire-plugin/xsd/surefire-test-report.xsd" name="facade.Epic3AlternateTests" time="0.019" tests="6" errors="2" skipped="0" failures="4">
  <properties>
    <property name="sun.desktop" value="windows"/>
    <property name="awt.toolkit" value="sun.awt.windows.WToolkit"/>
    <property name="java.specification.version" value="11"/>
    <property name="sun.cpu.isalist" value="amd64"/>
    <property name="sun.jnu.encoding" value="Cp1251"/>
    <property name="java.class.path" value="E:\Univer\Y1p1\OOP\Project\DIT043_Project_Group7\target\test-classes;E:\Univer\Y1p1\OOP\Project\DIT043_Project_Group7\target\classes;C:\Users\bs4pu\.m2\repository\org\junit\jupiter\junit-jupiter\5.8.1\junit-jupiter-5.8.1.jar;C:\Users\bs4pu\.m2\repository\org\junit\jupiter\junit-jupiter-api\5.8.1\junit-jupiter-api-5.8.1.jar;C:\Users\bs4pu\.m2\repository\org\opentest4j\opentest4j\1.2.0\opentest4j-1.2.0.jar;C:\Users\bs4pu\.m2\repository\org\junit\platform\junit-platform-commons\1.8.1\junit-platform-commons-1.8.1.jar;C:\Users\bs4pu\.m2\repository\org\apiguardian\apiguardian-api\1.1.2\apiguardian-api-1.1.2.jar;C:\Users\bs4pu\.m2\repository\org\junit\jupiter\junit-jupiter-params\5.8.1\junit-jupiter-params-5.8.1.jar;C:\Users\bs4pu\.m2\repository\org\junit\jupiter\junit-jupiter-engine\5.8.1\junit-jupiter-engine-5.8.1.jar;C:\Users\bs4pu\.m2\repository\org\junit\platform\junit-platform-engine\1.8.1\junit-platform-engine-1.8.1.jar;"/>
    <property name="java.vm.vendor" value="Oracle Corporation"/>
    <property name="sun.arch.data.model" value="64"/>
    <property name="user.variant" value=""/>
    <property name="java.vendor.url" value="https://openjdk.java.net/"/>
    <property name="user.timezone" value="Europe/Berlin"/>
    <property name="java.vm.specification.version" value="11"/>
    <property name="os.name" value="Windows 10"/>
    <property name="sun.java.launcher" value="SUN_STANDARD"/>
    <property name="user.country" value="RU"/>
    <property name="sun.boot.library.path" value="C:\Java\jdk11\bin"/>
    <property name="sun.java.command" value="C:\Users\bs4pu\AppData\Local\Temp\surefire3370960760046340840\surefirebooter17509472545730591997.jar C:\Users\bs4pu\AppData\Local\Temp\surefire3370960760046340840 2021-10-23T17-22-14_775-jvmRun1 surefire8891027483331922477tmp surefire_011222998200059474802tmp"/>
    <property name="jdk.debug" value="release"/>
    <property name="surefire.test.class.path" value="E:\Univer\Y1p1\OOP\Project\DIT043_Project_Group7\target\test-classes;E:\Univer\Y1p1\OOP\Project\DIT043_Project_Group7\target\classes;C:\Users\bs4pu\.m2\repository\org\junit\jupiter\junit-jupiter\5.8.1\junit-jupiter-5.8.1.jar;C:\Users\bs4pu\.m2\repository\org\junit\jupiter\junit-jupiter-api\5.8.1\junit-jupiter-api-5.8.1.jar;C:\Users\bs4pu\.m2\repository\org\opentest4j\opentest4j\1.2.0\opentest4j-1.2.0.jar;C:\Users\bs4pu\.m2\repository\org\junit\platform\junit-platform-commons\1.8.1\junit-platform-commons-1.8.1.jar;C:\Users\bs4pu\.m2\repository\org\apiguardian\apiguardian-api\1.1.2\apiguardian-api-1.1.2.jar;C:\Users\bs4pu\.m2\repository\org\junit\jupiter\junit-jupiter-params\5.8.1\junit-jupiter-params-5.8.1.jar;C:\Users\bs4pu\.m2\repository\org\junit\jupiter\junit-jupiter-engine\5.8.1\junit-jupiter-engine-5.8.1.jar;C:\Users\bs4pu\.m2\repository\org\junit\platform\junit-platform-engine\1.8.1\junit-platform-engine-1.8.1.jar;"/>
    <property name="sun.cpu.endian" value="little"/>
    <property name="user.home" value="C:\Users\bs4pu"/>
    <property name="user.language" value="ru"/>
    <property name="java.specification.vendor" value="Oracle Corporation"/>
    <property name="java.version.date" value="2021-07-20"/>
    <property name="java.home" value="C:\Java\jdk11"/>
    <property name="file.separator" value="\"/>
    <property name="basedir" value="E:\Univer\Y1p1\OOP\Project\DIT043_Project_Group7"/>
    <property name="java.vm.compressedOopsMode" value="Zero based"/>
    <property name="line.separator" value="&#10;"/>
    <property name="java.specification.name" value="Java Platform API Specification"/>
    <property name="java.vm.specification.vendor" value="Oracle Corporation"/>
    <property name="java.awt.graphicsenv" value="sun.awt.Win32GraphicsEnvironment"/>
    <property name="surefire.real.class.path" value="C:\Users\bs4pu\AppData\Local\Temp\surefire3370960760046340840\surefirebooter17509472545730591997.jar"/>
    <property name="user.script" value=""/>
    <property name="sun.management.compiler" value="HotSpot 64-Bit Tiered Compilers"/>
    <property name="java.runtime.version" value="11.0.12+8-LTS-237"/>
    <property name="user.name" value="bs4pu"/>
    <property name="path.separator" value=";"/>
    <property name="os.version" value="10.0"/>
    <property name="java.runtime.name" value="Java(TM) SE Runtime Environment"/>
    <property name="file.encoding" value="Cp1251"/>
    <property name="java.vm.name" value="Java HotSpot(TM) 64-Bit Server VM"/>
    <property name="java.vendor.version" value="18.9"/>
    <property name="localRepository" value="C:\Users\bs4pu\.m2\repository"/>
    <property name="java.vendor.url.bug" value="https://bugreport.java.com/bugreport/"/>
    <property name="java.io.tmpdir" value="C:\Users\bs4pu\AppData\Local\Temp\"/>
    <property name="java.version" value="11.0.12"/>
    <property name="user.dir" value="E:\Univer\Y1p1\OOP\Project\DIT043_Project_Group7"/>
    <property name="os.arch" value="amd64"/>
    <property name="java.vm.specification.name" value="Java Virtual Machine Specification"/>
    <property name="java.awt.printerjob" value="sun.awt.windows.WPrinterJob"/>
    <property name="sun.os.patch.level" value=""/>
    <property name="java.library.path" value="C:\Java\jdk11\bin;C:\WINDOWS\Sun\Java\bin;C:\WINDOWS\system32;C:\WINDOWS;C:\Program Files\Common Files\Oracle\Java\javapath;C:\WINDOWS\system32;C:\WINDOWS;C:\WINDOWS\System32\Wbem;C:\WINDOWS\System32\WindowsPowerShell\v1.0\;C:\WINDOWS\System32\OpenSSH\;C:\Program Files\NVIDIA Corporation\NVIDIA NvDLISR;C:\Java\apache-maven-3.8.3\bin;C:\Users\bs4pu\AppData\Local\Microsoft\WindowsApps;;C:\Java\intellijidea\intellij21.2.1\bin;;."/>
    <property name="java.vendor" value="Oracle Corporation"/>
    <property name="java.vm.info" value="mixed mode"/>
    <property name="java.vm.version" value="11.0.12+8-LTS-237"/>
    <property name="sun.io.unicode.encoding" value="UnicodeLittle"/>
    <property name="java.class.version" value="55.0"/>
  </properties>
  <testcase name="shouldPrintErrorWhenInvalidReviewIndex" classname="facade.Epic3AlternateTests" time="0.009">
    <failure message="expected: &lt;Item Leather jacket has not been reviewed yet.&gt; but was: &lt;&gt;" type="org.opentest4j.AssertionFailedError"><![CDATA[org.opentest4j.AssertionFailedError: expected: <Item Leather jacket has not been reviewed yet.> but was: <>
	at facade.Epic3AlternateTests.shouldPrintErrorWhenInvalidReviewIndex(Epic3AlternateTests.java:86)
]]></failure>
    <system-out><![CDATA[Item ID5 was registered successfully.
]]></system-out>
  </testcase>
  <testcase name="shouldPrintErrorForInvalidReview" classname="facade.Epic3AlternateTests" time="0.005">
    <failure message="expected: &lt;Item ID1 not found.&gt; but was: &lt;Item ID1 was not registered yet.&gt;" type="org.opentest4j.AssertionFailedError"><![CDATA[org.opentest4j.AssertionFailedError: expected: <Item ID1 not found.> but was: <Item ID1 was not registered yet.>
	at facade.Epic3AlternateTests.shouldPrintErrorForInvalidReview(Epic3AlternateTests.java:39)
]]></failure>
    <system-out><![CDATA[Item ID1 was not registered yet.
]]></system-out>
  </testcase>
  <testcase name="shouldPrintErrorForEmptyReviews" classname="facade.Epic3AlternateTests" time="0">
    <failure message="expected: &lt;Item ID2 was not registered yet.&gt; but was: &lt;&gt;" type="org.opentest4j.AssertionFailedError"><![CDATA[org.opentest4j.AssertionFailedError: expected: <Item ID2 was not registered yet.> but was: <>
	at facade.Epic3AlternateTests.shouldPrintErrorForEmptyReviews(Epic3AlternateTests.java:71)
]]></failure>
  </testcase>
  <testcase name="shouldGetEmptyItemComments" classname="facade.Epic3AlternateTests" time="0">
    <error type="java.lang.NullPointerException">java.lang.NullPointerException
	at facade.Epic3AlternateTests.shouldGetEmptyItemComments(Epic3AlternateTests.java:59)
</error>
    <system-out><![CDATA[Item ID1 was registered successfully.
]]></system-out>
  </testcase>
  <testcase name="shouldPrintErrorWhenNoReviewCreated" classname="facade.Epic3AlternateTests" time="0">
    <failure message="expected: &lt;No items registered yet.&gt; but was: &lt;&gt;" type="org.opentest4j.AssertionFailedError"><![CDATA[org.opentest4j.AssertionFailedError: expected: <No items registered yet.> but was: <>
	at facade.Epic3AlternateTests.shouldPrintErrorWhenNoReviewCreated(Epic3AlternateTests.java:103)
]]></failure>
  </testcase>
  <testcase name="shouldGetEmptyWhenNoReviewCreated" classname="facade.Epic3AlternateTests" time="0.005">
    <error type="java.lang.NullPointerException">java.lang.NullPointerException
	at facade.Epic3AlternateTests.shouldGetEmptyWhenNoReviewCreated(Epic3AlternateTests.java:122)
</error>
  </testcase>
</testsuite>