<?xml version="1.0" encoding="UTF-8"?>
<testsuite xmlns:xsi="http://www.w3.org/2001/XMLSchema-instance" xsi:noNamespaceSchemaLocation="https://maven.apache.org/surefire/maven-surefire-plugin/xsd/surefire-test-report.xsd" name="facade.Epic2AlternativeTests" time="0.05" tests="6" errors="0" skipped="0" failures="0">
  <properties>
[...]
</properties>
  <testcase name="shouldNotCrashWhenRemovingInvalidItems" classname="facade.Epic2AlternativeTests" time="0.029"/>
  <testcase name="shouldNotBuyWhenNoItemRegistered" classname="facade.Epic2AlternativeTests" time="0"/>
  <testcase name="shouldPrintErrorWhenInvalidUpdate" classname="facade.Epic2AlternativeTests" time="0"/>
  <testcase name="shouldPrintErrorWhenInvalidItemData" classname="facade.Epic2AlternativeTests" time="0"/>
  <testcase name="shouldPrintErrorWhenPrintingEmptyItems" classname="facade.Epic2AlternativeTests" time="0"/>
  <testcase name="shouldPrintErrorWhenNoItemRegistered" classname="facade.Epic2AlternativeTests" time="0"/>
</testsuite>