<?xml version="1.0" encoding="UTF-8"?>
<testsuite xmlns:xsi="http://www.w3.org/2001/XMLSchema-instance" xsi:noNamespaceSchemaLocation="https://maven.apache.org/surefire/maven-surefire-plugin/xsd/surefire-test-report.xsd" name="facade.Epic3AlternateTests" time="0.019" tests="6" errors="2" skipped="0" failures="4">
  <properties>
[...]
</properties>
  <testcase name="shouldPrintErrorWhenInvalidReviewIndex" classname="facade.Epic3AlternateTests" time="0.009">
    <failure message="expected: &lt;Item Leather jacket has not been reviewed yet.&gt; but was: &lt;&gt;" type="org.opentest4j.AssertionFailedError"><![CDATA[org.opentest4j.AssertionFailedError: expected: <Item Leather jacket has not been reviewed yet.> but was: <>
	at facade.Epic3AlternateTests.shouldPrintErrorWhenInvalidReviewIndex(Epic3AlternateTests.java:86)
]]></failure>
    <system-out><![CDATA[Item ID5 was registered successfully.
]]></system-out>
  </testcase>
  <testcase name="shouldPrintErrorForInvalidReview" classname="facade.Epic3AlternateTests" time="0.005">
    <failure message="expected: &lt;Item ID1 not found.&gt; but was: &lt;Item ID1 was not registered yet.&gt;" type="org.opentest4j.AssertionFailedError"><![CDATA[org.opentest4j.AssertionFailedError: expected: <Item ID1 not found.> but was: <Item ID1 was not registered yet.>
	at facade.Epic3AlternateTests.shouldPrintErrorForInvalidReview(Epic3AlternateTests.java:39)
]]></failure>
    <system-out><![CDATA[Item ID1 was not registered yet.
]]></system-out>
  </testcase>
  <testcase name="shouldPrintErrorForEmptyReviews" classname="facade.Epic3AlternateTests" time="0">
    <failure message="expected: &lt;Item ID2 was not registered yet.&gt; but was: &lt;&gt;" type="org.opentest4j.AssertionFailedError"><![CDATA[org.opentest4j.AssertionFailedError: expected: <Item ID2 was not registered yet.> but was: <>
	at facade.Epic3AlternateTests.shouldPrintErrorForEmptyReviews(Epic3AlternateTests.java:71)
]]></failure>
  </testcase>
  <testcase name="shouldGetEmptyItemComments" classname="facade.Epic3AlternateTests" time="0">
    <error type="java.lang.NullPointerException">java.lang.NullPointerException
	at facade.Epic3AlternateTests.shouldGetEmptyItemComments(Epic3AlternateTests.java:59)
</error>
    <system-out><![CDATA[Item ID1 was registered successfully.
]]></system-out>
  </testcase>
  <testcase name="shouldPrintErrorWhenNoReviewCreated" classname="facade.Epic3AlternateTests" time="0">
    <failure message="expected: &lt;No items registered yet.&gt; but was: &lt;&gt;" type="org.opentest4j.AssertionFailedError"><![CDATA[org.opentest4j.AssertionFailedError: expected: <No items registered yet.> but was: <>
	at facade.Epic3AlternateTests.shouldPrintErrorWhenNoReviewCreated(Epic3AlternateTests.java:103)
]]></failure>
  </testcase>
  <testcase name="shouldGetEmptyWhenNoReviewCreated" classname="facade.Epic3AlternateTests" time="0.005">
    <error type="java.lang.NullPointerException">java.lang.NullPointerException
	at facade.Epic3AlternateTests.shouldGetEmptyWhenNoReviewCreated(Epic3AlternateTests.java:122)
</error>
  </testcase>
</testsuite>